d:\project\image-segmentation\detection - test\detection\x64\debug\vc140.pdb
d:\project\image-segmentation\detection - test\detection\x64\debug\template.obj
d:\project\image-segmentation\detection - test\detection\x64\debug\system.obj
d:\project\image-segmentation\detection - test\detection\x64\debug\parameter.obj
d:\project\image-segmentation\detection - test\detection\x64\debug\main.obj
d:\project\image-segmentation\detection - test\detection\x64\debug\history.obj
d:\project\image-segmentation\detection - test\detection\x64\debug\halcon2qt.obj
d:\project\image-segmentation\detection - test\detection\x64\debug\moc_template.obj
d:\project\image-segmentation\detection - test\detection\x64\debug\moc_system.obj
d:\project\image-segmentation\detection - test\detection\x64\debug\moc_parameter.obj
d:\project\image-segmentation\detection - test\detection\x64\debug\moc_myqcombobox.obj
d:\project\image-segmentation\detection - test\detection\x64\debug\moc_history.obj
d:\project\image-segmentation\detection - test\detection\x64\debug\moc_detection.obj
d:\project\image-segmentation\detection - test\detection\x64\debug\moc_connection.obj
d:\project\image-segmentation\detection - test\detection\x64\debug\moc_camera.obj
d:\project\image-segmentation\detection - test\detection\x64\debug\detection.obj
d:\project\image-segmentation\detection - test\detection\x64\debug\connection.obj
d:\project\image-segmentation\detection - test\detection\x64\debug\camera.obj
d:\project\image-segmentation\detection - test\detection\x64\debug\qrc_detection.obj
d:\project\image-segmentation\detection - test\detection\generatedfiles\debug\moc_myqcombobox.cpp
d:\project\image-segmentation\detection - test\detection\generatedfiles\debug\moc_template.cpp
d:\project\image-segmentation\detection - test\detection\generatedfiles\debug\moc_system.cpp
d:\project\image-segmentation\detection - test\detection\generatedfiles\debug\moc_parameter.cpp
d:\project\image-segmentation\detection - test\detection\generatedfiles\debug\moc_history.cpp
d:\project\image-segmentation\detection - test\detection\generatedfiles\debug\moc_connection.cpp
d:\project\image-segmentation\detection - test\detection\generatedfiles\qrc_detection.cpp
d:\project\image-segmentation\detection - test\detection\generatedfiles\ui_camera.h
d:\project\image-segmentation\detection - test\detection\generatedfiles\ui_connection.h
d:\project\image-segmentation\detection - test\detection\generatedfiles\ui_history.h
d:\project\image-segmentation\detection - test\detection\generatedfiles\ui_parameter.h
d:\project\image-segmentation\detection - test\detection\generatedfiles\ui_system.h
d:\project\image-segmentation\detection - test\detection\generatedfiles\ui_template.h
d:\project\image-segmentation\detection - test\detection\generatedfiles\debug\moc_camera.cpp
d:\project\image-segmentation\detection - test\detection\generatedfiles\debug\moc_detection.cpp
d:\project\image-segmentation\detection - test\detection\generatedfiles\ui_mainwindow.h
d:\project\image-segmentation\detection - test\x64\debug\detection.ilk
d:\project\image-segmentation\detection - test\x64\debug\detection.exe
d:\project\image-segmentation\detection - test\x64\debug\detection.pdb
d:\project\image-segmentation\detection - test\detection\x64\debug\detection.tlog\cl.command.1.tlog
d:\project\image-segmentation\detection - test\detection\x64\debug\detection.tlog\cl.read.1.tlog
d:\project\image-segmentation\detection - test\detection\x64\debug\detection.tlog\cl.write.1.tlog
d:\project\image-segmentation\detection - test\detection\x64\debug\detection.tlog\custombuild.command.1.tlog
d:\project\image-segmentation\detection - test\detection\x64\debug\detection.tlog\custombuild.read.1.tlog
d:\project\image-segmentation\detection - test\detection\x64\debug\detection.tlog\custombuild.write.1.tlog
d:\project\image-segmentation\detection - test\detection\x64\debug\detection.tlog\link.command.1.tlog
d:\project\image-segmentation\detection - test\detection\x64\debug\detection.tlog\link.read.1.tlog
d:\project\image-segmentation\detection - test\detection\x64\debug\detection.tlog\link.write.1.tlog
